{"/Users/elliotlandon/Desktop/Hackreactor/SDC/Questions-and-Answers/server/create.js": {"path":"/Users/elliotlandon/Desktop/Hackreactor/SDC/Questions-and-Answers/server/create.js","statementMap":{"0":{"start":{"line":1,"column":16},"end":{"line":1,"column":34}},"1":{"start":{"line":2,"column":13},"end":{"line":2,"column":28}},"2":{"start":{"line":3,"column":15},"end":{"line":3,"column":32}},"3":{"start":{"line":4,"column":20},"end":{"line":4,"column":59}},"4":{"start":{"line":6,"column":21},"end":{"line":33,"column":1}},"5":{"start":{"line":7,"column":14},"end":{"line":7,"column":23}},"6":{"start":{"line":9,"column":22},"end":{"line":9,"column":56}},"7":{"start":{"line":11,"column":2},"end":{"line":11,"column":25}},"8":{"start":{"line":12,"column":2},"end":{"line":12,"column":26}},"9":{"start":{"line":13,"column":2},"end":{"line":13,"column":50}},"10":{"start":{"line":14,"column":2},"end":{"line":14,"column":29}},"11":{"start":{"line":16,"column":2},"end":{"line":16,"column":76}},"12":{"start":{"line":18,"column":2},"end":{"line":18,"column":84}},"13":{"start":{"line":20,"column":2},"end":{"line":20,"column":52}},"14":{"start":{"line":22,"column":2},"end":{"line":22,"column":71}},"15":{"start":{"line":24,"column":2},"end":{"line":24,"column":82}},"16":{"start":{"line":26,"column":2},"end":{"line":26,"column":76}},"17":{"start":{"line":28,"column":2},"end":{"line":28,"column":74}},"18":{"start":{"line":30,"column":2},"end":{"line":30,"column":68}},"19":{"start":{"line":32,"column":2},"end":{"line":32,"column":13}},"20":{"start":{"line":35,"column":0},"end":{"line":35,"column":34}}},"fnMap":{"0":{"name":"(anonymous_0)","decl":{"start":{"line":6,"column":21},"end":{"line":6,"column":22}},"loc":{"start":{"line":6,"column":27},"end":{"line":33,"column":1}},"line":6}},"branchMap":{"0":{"loc":{"start":{"line":9,"column":32},"end":{"line":9,"column":54}},"type":"binary-expr","locations":[{"start":{"line":9,"column":32},"end":{"line":9,"column":47}},{"start":{"line":9,"column":51},"end":{"line":9,"column":54}}],"line":9}},"s":{"0":1,"1":1,"2":1,"3":1,"4":1,"5":1,"6":1,"7":1,"8":1,"9":1,"10":1,"11":1,"12":1,"13":1,"14":1,"15":1,"16":1,"17":1,"18":1,"19":1,"20":1},"f":{"0":1},"b":{"0":[1,1]},"_coverageSchema":"1a1c01bbd47fc00a2c39e90264f33305004495a9","hash":"bd2a8ed2711a6fe40c1366bbbfc69104c84510bd"}
,"/Users/elliotlandon/Desktop/Hackreactor/SDC/Questions-and-Answers/server/db.js": {"path":"/Users/elliotlandon/Desktop/Hackreactor/SDC/Questions-and-Answers/server/db.js","statementMap":{"0":{"start":{"line":1,"column":17},"end":{"line":1,"column":30}},"1":{"start":{"line":3,"column":13},"end":{"line":10,"column":2}},"2":{"start":{"line":12,"column":0},"end":{"line":12,"column":22}}},"fnMap":{},"branchMap":{},"s":{"0":1,"1":1,"2":1},"f":{},"b":{},"_coverageSchema":"1a1c01bbd47fc00a2c39e90264f33305004495a9","hash":"6a56b0a0c31d5388edd65aedaf2f5690d5781ce6"}
,"/Users/elliotlandon/Desktop/Hackreactor/SDC/Questions-and-Answers/server/controllers/controllers.js": {"path":"/Users/elliotlandon/Desktop/Hackreactor/SDC/Questions-and-Answers/server/controllers/controllers.js","statementMap":{"0":{"start":{"line":1,"column":15},"end":{"line":1,"column":45}},"1":{"start":{"line":3,"column":0},"end":{"line":55,"column":1}},"2":{"start":{"line":5,"column":4},"end":{"line":7,"column":41}},"3":{"start":{"line":6,"column":20},"end":{"line":6,"column":34}},"4":{"start":{"line":7,"column":20},"end":{"line":7,"column":39}},"5":{"start":{"line":11,"column":4},"end":{"line":13,"column":42}},"6":{"start":{"line":12,"column":20},"end":{"line":12,"column":34}},"7":{"start":{"line":13,"column":21},"end":{"line":13,"column":40}},"8":{"start":{"line":17,"column":34},"end":{"line":17,"column":42}},"9":{"start":{"line":18,"column":22},"end":{"line":18,"column":41}},"10":{"start":{"line":19,"column":4},"end":{"line":21,"column":41}},"11":{"start":{"line":20,"column":20},"end":{"line":20,"column":39}},"12":{"start":{"line":21,"column":20},"end":{"line":21,"column":39}},"13":{"start":{"line":25,"column":34},"end":{"line":25,"column":42}},"14":{"start":{"line":26,"column":23},"end":{"line":26,"column":45}},"15":{"start":{"line":27,"column":4},"end":{"line":29,"column":41}},"16":{"start":{"line":28,"column":20},"end":{"line":28,"column":39}},"17":{"start":{"line":29,"column":20},"end":{"line":29,"column":39}},"18":{"start":{"line":33,"column":4},"end":{"line":35,"column":38}},"19":{"start":{"line":34,"column":20},"end":{"line":34,"column":39}},"20":{"start":{"line":35,"column":20},"end":{"line":35,"column":36}},"21":{"start":{"line":39,"column":4},"end":{"line":41,"column":38}},"22":{"start":{"line":40,"column":20},"end":{"line":40,"column":39}},"23":{"start":{"line":41,"column":20},"end":{"line":41,"column":36}},"24":{"start":{"line":45,"column":4},"end":{"line":47,"column":38}},"25":{"start":{"line":46,"column":20},"end":{"line":46,"column":39}},"26":{"start":{"line":47,"column":20},"end":{"line":47,"column":36}},"27":{"start":{"line":51,"column":4},"end":{"line":53,"column":38}},"28":{"start":{"line":52,"column":20},"end":{"line":52,"column":39}},"29":{"start":{"line":53,"column":20},"end":{"line":53,"column":36}}},"fnMap":{"0":{"name":"(anonymous_0)","decl":{"start":{"line":4,"column":28},"end":{"line":4,"column":29}},"loc":{"start":{"line":4,"column":48},"end":{"line":8,"column":3}},"line":4},"1":{"name":"(anonymous_1)","decl":{"start":{"line":6,"column":12},"end":{"line":6,"column":13}},"loc":{"start":{"line":6,"column":20},"end":{"line":6,"column":34}},"line":6},"2":{"name":"(anonymous_2)","decl":{"start":{"line":7,"column":13},"end":{"line":7,"column":14}},"loc":{"start":{"line":7,"column":20},"end":{"line":7,"column":39}},"line":7},"3":{"name":"(anonymous_3)","decl":{"start":{"line":10,"column":27},"end":{"line":10,"column":28}},"loc":{"start":{"line":10,"column":47},"end":{"line":14,"column":3}},"line":10},"4":{"name":"(anonymous_4)","decl":{"start":{"line":12,"column":12},"end":{"line":12,"column":13}},"loc":{"start":{"line":12,"column":20},"end":{"line":12,"column":34}},"line":12},"5":{"name":"(anonymous_5)","decl":{"start":{"line":13,"column":13},"end":{"line":13,"column":14}},"loc":{"start":{"line":13,"column":21},"end":{"line":13,"column":40}},"line":13},"6":{"name":"(anonymous_6)","decl":{"start":{"line":16,"column":15},"end":{"line":16,"column":16}},"loc":{"start":{"line":16,"column":34},"end":{"line":22,"column":3}},"line":16},"7":{"name":"(anonymous_7)","decl":{"start":{"line":20,"column":12},"end":{"line":20,"column":13}},"loc":{"start":{"line":20,"column":20},"end":{"line":20,"column":39}},"line":20},"8":{"name":"(anonymous_8)","decl":{"start":{"line":21,"column":13},"end":{"line":21,"column":14}},"loc":{"start":{"line":21,"column":20},"end":{"line":21,"column":39}},"line":21},"9":{"name":"(anonymous_9)","decl":{"start":{"line":24,"column":13},"end":{"line":24,"column":14}},"loc":{"start":{"line":24,"column":32},"end":{"line":30,"column":3}},"line":24},"10":{"name":"(anonymous_10)","decl":{"start":{"line":28,"column":12},"end":{"line":28,"column":13}},"loc":{"start":{"line":28,"column":20},"end":{"line":28,"column":39}},"line":28},"11":{"name":"(anonymous_11)","decl":{"start":{"line":29,"column":13},"end":{"line":29,"column":14}},"loc":{"start":{"line":29,"column":20},"end":{"line":29,"column":39}},"line":29},"12":{"name":"(anonymous_12)","decl":{"start":{"line":32,"column":25},"end":{"line":32,"column":26}},"loc":{"start":{"line":32,"column":44},"end":{"line":36,"column":3}},"line":32},"13":{"name":"(anonymous_13)","decl":{"start":{"line":34,"column":12},"end":{"line":34,"column":13}},"loc":{"start":{"line":34,"column":20},"end":{"line":34,"column":39}},"line":34},"14":{"name":"(anonymous_14)","decl":{"start":{"line":35,"column":13},"end":{"line":35,"column":14}},"loc":{"start":{"line":35,"column":20},"end":{"line":35,"column":36}},"line":35},"15":{"name":"(anonymous_15)","decl":{"start":{"line":38,"column":23},"end":{"line":38,"column":24}},"loc":{"start":{"line":38,"column":42},"end":{"line":42,"column":3}},"line":38},"16":{"name":"(anonymous_16)","decl":{"start":{"line":40,"column":12},"end":{"line":40,"column":13}},"loc":{"start":{"line":40,"column":20},"end":{"line":40,"column":39}},"line":40},"17":{"name":"(anonymous_17)","decl":{"start":{"line":41,"column":13},"end":{"line":41,"column":14}},"loc":{"start":{"line":41,"column":20},"end":{"line":41,"column":36}},"line":41},"18":{"name":"(anonymous_18)","decl":{"start":{"line":44,"column":18},"end":{"line":44,"column":19}},"loc":{"start":{"line":44,"column":37},"end":{"line":48,"column":3}},"line":44},"19":{"name":"(anonymous_19)","decl":{"start":{"line":46,"column":12},"end":{"line":46,"column":13}},"loc":{"start":{"line":46,"column":20},"end":{"line":46,"column":39}},"line":46},"20":{"name":"(anonymous_20)","decl":{"start":{"line":47,"column":13},"end":{"line":47,"column":14}},"loc":{"start":{"line":47,"column":20},"end":{"line":47,"column":36}},"line":47},"21":{"name":"(anonymous_21)","decl":{"start":{"line":50,"column":16},"end":{"line":50,"column":17}},"loc":{"start":{"line":50,"column":35},"end":{"line":54,"column":3}},"line":50},"22":{"name":"(anonymous_22)","decl":{"start":{"line":52,"column":12},"end":{"line":52,"column":13}},"loc":{"start":{"line":52,"column":20},"end":{"line":52,"column":39}},"line":52},"23":{"name":"(anonymous_23)","decl":{"start":{"line":53,"column":13},"end":{"line":53,"column":14}},"loc":{"start":{"line":53,"column":20},"end":{"line":53,"column":36}},"line":53}},"branchMap":{},"s":{"0":1,"1":1,"2":9,"3":8,"4":1,"5":8,"6":7,"7":1,"8":1,"9":1,"10":1,"11":1,"12":0,"13":1,"14":1,"15":1,"16":1,"17":0,"18":1,"19":1,"20":0,"21":1,"22":1,"23":0,"24":1,"25":1,"26":0,"27":1,"28":1,"29":0},"f":{"0":9,"1":8,"2":1,"3":8,"4":7,"5":1,"6":1,"7":1,"8":0,"9":1,"10":1,"11":0,"12":1,"13":1,"14":0,"15":1,"16":1,"17":0,"18":1,"19":1,"20":0,"21":1,"22":1,"23":0},"b":{},"_coverageSchema":"1a1c01bbd47fc00a2c39e90264f33305004495a9","hash":"8f1d716af828b137c0a4f3b7b5e421caec373be4"}
,"/Users/elliotlandon/Desktop/Hackreactor/SDC/Questions-and-Answers/server/models/models.js": {"path":"/Users/elliotlandon/Desktop/Hackreactor/SDC/Questions-and-Answers/server/models/models.js","statementMap":{"0":{"start":{"line":1,"column":13},"end":{"line":1,"column":32}},"1":{"start":{"line":3,"column":0},"end":{"line":147,"column":1}},"2":{"start":{"line":5,"column":4},"end":{"line":25,"column":7}},"3":{"start":{"line":6,"column":18},"end":{"line":6,"column":28}},"4":{"start":{"line":7,"column":22},"end":{"line":7,"column":37}},"5":{"start":{"line":8,"column":20},"end":{"line":8,"column":29}},"6":{"start":{"line":9,"column":19},"end":{"line":9,"column":40}},"7":{"start":{"line":11,"column":16},"end":{"line":14,"column":7}},"8":{"start":{"line":16,"column":16},"end":{"line":16,"column":804}},"9":{"start":{"line":18,"column":6},"end":{"line":24,"column":9}},"10":{"start":{"line":19,"column":8},"end":{"line":21,"column":9}},"11":{"start":{"line":20,"column":10},"end":{"line":20,"column":29}},"12":{"start":{"line":22,"column":8},"end":{"line":22,"column":34}},"13":{"start":{"line":23,"column":8},"end":{"line":23,"column":21}},"14":{"start":{"line":29,"column":4},"end":{"line":51,"column":7}},"15":{"start":{"line":30,"column":18},"end":{"line":30,"column":28}},"16":{"start":{"line":31,"column":23},"end":{"line":31,"column":39}},"17":{"start":{"line":32,"column":20},"end":{"line":32,"column":29}},"18":{"start":{"line":33,"column":19},"end":{"line":33,"column":40}},"19":{"start":{"line":35,"column":16},"end":{"line":40,"column":7}},"20":{"start":{"line":42,"column":16},"end":{"line":42,"column":450}},"21":{"start":{"line":44,"column":6},"end":{"line":50,"column":9}},"22":{"start":{"line":45,"column":8},"end":{"line":47,"column":9}},"23":{"start":{"line":46,"column":10},"end":{"line":46,"column":29}},"24":{"start":{"line":48,"column":8},"end":{"line":48,"column":34}},"25":{"start":{"line":49,"column":8},"end":{"line":49,"column":21}},"26":{"start":{"line":55,"column":4},"end":{"line":67,"column":6}},"27":{"start":{"line":57,"column":19},"end":{"line":57,"column":29}},"28":{"start":{"line":58,"column":18},"end":{"line":59,"column":165}},"29":{"start":{"line":61,"column":6},"end":{"line":66,"column":9}},"30":{"start":{"line":62,"column":8},"end":{"line":64,"column":9}},"31":{"start":{"line":63,"column":10},"end":{"line":63,"column":29}},"32":{"start":{"line":65,"column":8},"end":{"line":65,"column":25}},"33":{"start":{"line":71,"column":4},"end":{"line":85,"column":7}},"34":{"start":{"line":73,"column":6},"end":{"line":73,"column":48}},"35":{"start":{"line":75,"column":19},"end":{"line":75,"column":29}},"36":{"start":{"line":76,"column":16},"end":{"line":77,"column":150}},"37":{"start":{"line":79,"column":6},"end":{"line":84,"column":9}},"38":{"start":{"line":80,"column":8},"end":{"line":82,"column":9}},"39":{"start":{"line":81,"column":10},"end":{"line":81,"column":29}},"40":{"start":{"line":83,"column":8},"end":{"line":83,"column":25}},"41":{"start":{"line":89,"column":4},"end":{"line":100,"column":7}},"42":{"start":{"line":90,"column":15},"end":{"line":90,"column":45}},"43":{"start":{"line":92,"column":16},"end":{"line":92,"column":112}},"44":{"start":{"line":94,"column":6},"end":{"line":99,"column":9}},"45":{"start":{"line":95,"column":8},"end":{"line":97,"column":9}},"46":{"start":{"line":96,"column":10},"end":{"line":96,"column":29}},"47":{"start":{"line":98,"column":8},"end":{"line":98,"column":25}},"48":{"start":{"line":104,"column":4},"end":{"line":115,"column":7}},"49":{"start":{"line":105,"column":15},"end":{"line":105,"column":43}},"50":{"start":{"line":107,"column":16},"end":{"line":107,"column":90}},"51":{"start":{"line":109,"column":6},"end":{"line":114,"column":9}},"52":{"start":{"line":110,"column":8},"end":{"line":112,"column":9}},"53":{"start":{"line":111,"column":10},"end":{"line":111,"column":29}},"54":{"start":{"line":113,"column":8},"end":{"line":113,"column":25}},"55":{"start":{"line":119,"column":4},"end":{"line":130,"column":7}},"56":{"start":{"line":120,"column":15},"end":{"line":120,"column":45}},"57":{"start":{"line":122,"column":16},"end":{"line":122,"column":80}},"58":{"start":{"line":124,"column":6},"end":{"line":129,"column":9}},"59":{"start":{"line":125,"column":8},"end":{"line":127,"column":9}},"60":{"start":{"line":126,"column":10},"end":{"line":126,"column":29}},"61":{"start":{"line":128,"column":8},"end":{"line":128,"column":25}},"62":{"start":{"line":134,"column":4},"end":{"line":145,"column":7}},"63":{"start":{"line":135,"column":15},"end":{"line":135,"column":43}},"64":{"start":{"line":137,"column":16},"end":{"line":137,"column":76}},"65":{"start":{"line":139,"column":6},"end":{"line":144,"column":9}},"66":{"start":{"line":140,"column":8},"end":{"line":142,"column":9}},"67":{"start":{"line":141,"column":10},"end":{"line":141,"column":29}},"68":{"start":{"line":143,"column":8},"end":{"line":143,"column":25}}},"fnMap":{"0":{"name":"(anonymous_0)","decl":{"start":{"line":4,"column":28},"end":{"line":4,"column":29}},"loc":{"start":{"line":4,"column":63},"end":{"line":26,"column":3}},"line":4},"1":{"name":"(anonymous_1)","decl":{"start":{"line":5,"column":23},"end":{"line":5,"column":24}},"loc":{"start":{"line":5,"column":44},"end":{"line":25,"column":5}},"line":5},"2":{"name":"(anonymous_2)","decl":{"start":{"line":18,"column":22},"end":{"line":18,"column":23}},"loc":{"start":{"line":18,"column":40},"end":{"line":24,"column":7}},"line":18},"3":{"name":"(anonymous_3)","decl":{"start":{"line":28,"column":27},"end":{"line":28,"column":28}},"loc":{"start":{"line":28,"column":63},"end":{"line":52,"column":3}},"line":28},"4":{"name":"(anonymous_4)","decl":{"start":{"line":29,"column":23},"end":{"line":29,"column":24}},"loc":{"start":{"line":29,"column":44},"end":{"line":51,"column":5}},"line":29},"5":{"name":"(anonymous_5)","decl":{"start":{"line":44,"column":22},"end":{"line":44,"column":23}},"loc":{"start":{"line":44,"column":40},"end":{"line":50,"column":7}},"line":44},"6":{"name":"(anonymous_6)","decl":{"start":{"line":54,"column":15},"end":{"line":54,"column":16}},"loc":{"start":{"line":54,"column":49},"end":{"line":68,"column":3}},"line":54},"7":{"name":"(anonymous_7)","decl":{"start":{"line":55,"column":23},"end":{"line":55,"column":24}},"loc":{"start":{"line":55,"column":44},"end":{"line":67,"column":5}},"line":55},"8":{"name":"(anonymous_8)","decl":{"start":{"line":61,"column":74},"end":{"line":61,"column":75}},"loc":{"start":{"line":61,"column":92},"end":{"line":66,"column":7}},"line":61},"9":{"name":"(anonymous_9)","decl":{"start":{"line":70,"column":13},"end":{"line":70,"column":14}},"loc":{"start":{"line":70,"column":54},"end":{"line":86,"column":3}},"line":70},"10":{"name":"(anonymous_10)","decl":{"start":{"line":71,"column":23},"end":{"line":71,"column":24}},"loc":{"start":{"line":71,"column":44},"end":{"line":85,"column":5}},"line":71},"11":{"name":"(anonymous_11)","decl":{"start":{"line":79,"column":75},"end":{"line":79,"column":76}},"loc":{"start":{"line":79,"column":93},"end":{"line":84,"column":7}},"line":79},"12":{"name":"(anonymous_12)","decl":{"start":{"line":88,"column":32},"end":{"line":88,"column":33}},"loc":{"start":{"line":88,"column":47},"end":{"line":101,"column":3}},"line":88},"13":{"name":"(anonymous_13)","decl":{"start":{"line":89,"column":23},"end":{"line":89,"column":24}},"loc":{"start":{"line":89,"column":44},"end":{"line":100,"column":5}},"line":89},"14":{"name":"(anonymous_14)","decl":{"start":{"line":94,"column":26},"end":{"line":94,"column":27}},"loc":{"start":{"line":94,"column":44},"end":{"line":99,"column":7}},"line":94},"15":{"name":"(anonymous_15)","decl":{"start":{"line":103,"column":30},"end":{"line":103,"column":31}},"loc":{"start":{"line":103,"column":45},"end":{"line":116,"column":3}},"line":103},"16":{"name":"(anonymous_16)","decl":{"start":{"line":104,"column":23},"end":{"line":104,"column":24}},"loc":{"start":{"line":104,"column":44},"end":{"line":115,"column":5}},"line":104},"17":{"name":"(anonymous_17)","decl":{"start":{"line":109,"column":26},"end":{"line":109,"column":27}},"loc":{"start":{"line":109,"column":44},"end":{"line":114,"column":7}},"line":109},"18":{"name":"(anonymous_18)","decl":{"start":{"line":118,"column":18},"end":{"line":118,"column":19}},"loc":{"start":{"line":118,"column":33},"end":{"line":131,"column":3}},"line":118},"19":{"name":"(anonymous_19)","decl":{"start":{"line":119,"column":23},"end":{"line":119,"column":24}},"loc":{"start":{"line":119,"column":44},"end":{"line":130,"column":5}},"line":119},"20":{"name":"(anonymous_20)","decl":{"start":{"line":124,"column":26},"end":{"line":124,"column":27}},"loc":{"start":{"line":124,"column":44},"end":{"line":129,"column":7}},"line":124},"21":{"name":"(anonymous_21)","decl":{"start":{"line":133,"column":16},"end":{"line":133,"column":17}},"loc":{"start":{"line":133,"column":31},"end":{"line":146,"column":3}},"line":133},"22":{"name":"(anonymous_22)","decl":{"start":{"line":134,"column":23},"end":{"line":134,"column":24}},"loc":{"start":{"line":134,"column":44},"end":{"line":145,"column":5}},"line":134},"23":{"name":"(anonymous_23)","decl":{"start":{"line":139,"column":26},"end":{"line":139,"column":27}},"loc":{"start":{"line":139,"column":44},"end":{"line":144,"column":7}},"line":139}},"branchMap":{"0":{"loc":{"start":{"line":6,"column":18},"end":{"line":6,"column":28}},"type":"binary-expr","locations":[{"start":{"line":6,"column":18},"end":{"line":6,"column":23}},{"start":{"line":6,"column":27},"end":{"line":6,"column":28}}],"line":6},"1":{"loc":{"start":{"line":7,"column":22},"end":{"line":7,"column":37}},"type":"binary-expr","locations":[{"start":{"line":7,"column":22},"end":{"line":7,"column":32}},{"start":{"line":7,"column":36},"end":{"line":7,"column":37}}],"line":7},"2":{"loc":{"start":{"line":8,"column":20},"end":{"line":8,"column":29}},"type":"binary-expr","locations":[{"start":{"line":8,"column":20},"end":{"line":8,"column":24}},{"start":{"line":8,"column":28},"end":{"line":8,"column":29}}],"line":8},"3":{"loc":{"start":{"line":19,"column":8},"end":{"line":21,"column":9}},"type":"if","locations":[{"start":{"line":19,"column":8},"end":{"line":21,"column":9}},{"start":{},"end":{}}],"line":19},"4":{"loc":{"start":{"line":30,"column":18},"end":{"line":30,"column":28}},"type":"binary-expr","locations":[{"start":{"line":30,"column":18},"end":{"line":30,"column":23}},{"start":{"line":30,"column":27},"end":{"line":30,"column":28}}],"line":30},"5":{"loc":{"start":{"line":31,"column":23},"end":{"line":31,"column":39}},"type":"binary-expr","locations":[{"start":{"line":31,"column":23},"end":{"line":31,"column":34}},{"start":{"line":31,"column":38},"end":{"line":31,"column":39}}],"line":31},"6":{"loc":{"start":{"line":32,"column":20},"end":{"line":32,"column":29}},"type":"binary-expr","locations":[{"start":{"line":32,"column":20},"end":{"line":32,"column":24}},{"start":{"line":32,"column":28},"end":{"line":32,"column":29}}],"line":32},"7":{"loc":{"start":{"line":45,"column":8},"end":{"line":47,"column":9}},"type":"if","locations":[{"start":{"line":45,"column":8},"end":{"line":47,"column":9}},{"start":{},"end":{}}],"line":45},"8":{"loc":{"start":{"line":62,"column":8},"end":{"line":64,"column":9}},"type":"if","locations":[{"start":{"line":62,"column":8},"end":{"line":64,"column":9}},{"start":{},"end":{}}],"line":62},"9":{"loc":{"start":{"line":80,"column":8},"end":{"line":82,"column":9}},"type":"if","locations":[{"start":{"line":80,"column":8},"end":{"line":82,"column":9}},{"start":{},"end":{}}],"line":80},"10":{"loc":{"start":{"line":95,"column":8},"end":{"line":97,"column":9}},"type":"if","locations":[{"start":{"line":95,"column":8},"end":{"line":97,"column":9}},{"start":{},"end":{}}],"line":95},"11":{"loc":{"start":{"line":110,"column":8},"end":{"line":112,"column":9}},"type":"if","locations":[{"start":{"line":110,"column":8},"end":{"line":112,"column":9}},{"start":{},"end":{}}],"line":110},"12":{"loc":{"start":{"line":125,"column":8},"end":{"line":127,"column":9}},"type":"if","locations":[{"start":{"line":125,"column":8},"end":{"line":127,"column":9}},{"start":{},"end":{}}],"line":125},"13":{"loc":{"start":{"line":140,"column":8},"end":{"line":142,"column":9}},"type":"if","locations":[{"start":{"line":140,"column":8},"end":{"line":142,"column":9}},{"start":{},"end":{}}],"line":140}},"s":{"0":1,"1":1,"2":9,"3":9,"4":9,"5":9,"6":9,"7":9,"8":9,"9":9,"10":9,"11":1,"12":8,"13":8,"14":8,"15":8,"16":8,"17":8,"18":8,"19":8,"20":8,"21":8,"22":8,"23":1,"24":7,"25":7,"26":1,"27":1,"28":1,"29":1,"30":1,"31":0,"32":1,"33":1,"34":1,"35":1,"36":1,"37":1,"38":1,"39":0,"40":1,"41":1,"42":1,"43":1,"44":1,"45":1,"46":0,"47":1,"48":1,"49":1,"50":1,"51":1,"52":1,"53":0,"54":1,"55":1,"56":1,"57":1,"58":1,"59":1,"60":0,"61":1,"62":1,"63":1,"64":1,"65":1,"66":1,"67":0,"68":1},"f":{"0":9,"1":9,"2":9,"3":8,"4":8,"5":8,"6":1,"7":1,"8":1,"9":1,"10":1,"11":1,"12":1,"13":1,"14":1,"15":1,"16":1,"17":1,"18":1,"19":1,"20":1,"21":1,"22":1,"23":1},"b":{"0":[9,9],"1":[9,0],"2":[9,9],"3":[1,8],"4":[8,8],"5":[8,0],"6":[8,8],"7":[1,7],"8":[0,1],"9":[0,1],"10":[0,1],"11":[0,1],"12":[0,1],"13":[0,1]},"_coverageSchema":"1a1c01bbd47fc00a2c39e90264f33305004495a9","hash":"4ea84834d75ce0e6f2fe943f077a86dfd40a2120"}
}
