TN:
SF:server/create.js
FN:6,(anonymous_0)
FNF:1
FNH:1
FNDA:1,(anonymous_0)
DA:1,1
DA:2,1
DA:3,1
DA:4,1
DA:6,1
DA:7,1
DA:9,1
DA:11,1
DA:12,1
DA:13,1
DA:14,1
DA:16,1
DA:18,1
DA:20,1
DA:22,1
DA:24,1
DA:26,1
DA:28,1
DA:30,1
DA:32,1
DA:35,1
LF:21
LH:21
BRDA:9,0,0,1
BRDA:9,0,1,1
BRF:2
BRH:2
end_of_record
TN:
SF:server/db.js
FNF:0
FNH:0
DA:1,1
DA:3,1
DA:12,1
LF:3
LH:3
BRF:0
BRH:0
end_of_record
TN:
SF:server/controllers/controllers.js
FN:4,(anonymous_0)
FN:6,(anonymous_1)
FN:7,(anonymous_2)
FN:10,(anonymous_3)
FN:12,(anonymous_4)
FN:13,(anonymous_5)
FN:16,(anonymous_6)
FN:20,(anonymous_7)
FN:21,(anonymous_8)
FN:24,(anonymous_9)
FN:28,(anonymous_10)
FN:29,(anonymous_11)
FN:32,(anonymous_12)
FN:34,(anonymous_13)
FN:35,(anonymous_14)
FN:38,(anonymous_15)
FN:40,(anonymous_16)
FN:41,(anonymous_17)
FN:44,(anonymous_18)
FN:46,(anonymous_19)
FN:47,(anonymous_20)
FN:50,(anonymous_21)
FN:52,(anonymous_22)
FN:53,(anonymous_23)
FNF:24
FNH:24
FNDA:9,(anonymous_0)
FNDA:8,(anonymous_1)
FNDA:1,(anonymous_2)
FNDA:8,(anonymous_3)
FNDA:7,(anonymous_4)
FNDA:1,(anonymous_5)
FNDA:2,(anonymous_6)
FNDA:1,(anonymous_7)
FNDA:1,(anonymous_8)
FNDA:2,(anonymous_9)
FNDA:1,(anonymous_10)
FNDA:1,(anonymous_11)
FNDA:2,(anonymous_12)
FNDA:1,(anonymous_13)
FNDA:1,(anonymous_14)
FNDA:2,(anonymous_15)
FNDA:1,(anonymous_16)
FNDA:1,(anonymous_17)
FNDA:2,(anonymous_18)
FNDA:1,(anonymous_19)
FNDA:1,(anonymous_20)
FNDA:2,(anonymous_21)
FNDA:1,(anonymous_22)
FNDA:1,(anonymous_23)
DA:1,1
DA:3,1
DA:5,9
DA:6,8
DA:7,1
DA:11,8
DA:12,7
DA:13,1
DA:17,2
DA:18,2
DA:19,2
DA:20,1
DA:21,1
DA:25,2
DA:26,2
DA:27,2
DA:28,1
DA:29,1
DA:33,2
DA:34,1
DA:35,1
DA:39,2
DA:40,1
DA:41,1
DA:45,2
DA:46,1
DA:47,1
DA:51,2
DA:52,1
DA:53,1
LF:30
LH:30
BRF:0
BRH:0
end_of_record
TN:
SF:server/models/models.js
FN:4,(anonymous_0)
FN:5,(anonymous_1)
FN:18,(anonymous_2)
FN:28,(anonymous_3)
FN:29,(anonymous_4)
FN:44,(anonymous_5)
FN:54,(anonymous_6)
FN:55,(anonymous_7)
FN:61,(anonymous_8)
FN:70,(anonymous_9)
FN:71,(anonymous_10)
FN:79,(anonymous_11)
FN:88,(anonymous_12)
FN:89,(anonymous_13)
FN:94,(anonymous_14)
FN:103,(anonymous_15)
FN:104,(anonymous_16)
FN:109,(anonymous_17)
FN:118,(anonymous_18)
FN:119,(anonymous_19)
FN:124,(anonymous_20)
FN:133,(anonymous_21)
FN:134,(anonymous_22)
FN:139,(anonymous_23)
FNF:24
FNH:24
FNDA:9,(anonymous_0)
FNDA:9,(anonymous_1)
FNDA:9,(anonymous_2)
FNDA:8,(anonymous_3)
FNDA:8,(anonymous_4)
FNDA:8,(anonymous_5)
FNDA:2,(anonymous_6)
FNDA:2,(anonymous_7)
FNDA:2,(anonymous_8)
FNDA:2,(anonymous_9)
FNDA:2,(anonymous_10)
FNDA:2,(anonymous_11)
FNDA:2,(anonymous_12)
FNDA:2,(anonymous_13)
FNDA:2,(anonymous_14)
FNDA:2,(anonymous_15)
FNDA:2,(anonymous_16)
FNDA:2,(anonymous_17)
FNDA:2,(anonymous_18)
FNDA:2,(anonymous_19)
FNDA:2,(anonymous_20)
FNDA:2,(anonymous_21)
FNDA:2,(anonymous_22)
FNDA:2,(anonymous_23)
DA:1,1
DA:3,1
DA:5,9
DA:6,9
DA:7,9
DA:8,9
DA:9,9
DA:11,9
DA:16,9
DA:18,9
DA:19,9
DA:20,1
DA:22,8
DA:23,8
DA:29,8
DA:30,8
DA:31,8
DA:32,8
DA:33,8
DA:35,8
DA:42,8
DA:44,8
DA:45,8
DA:46,1
DA:48,7
DA:49,7
DA:55,2
DA:57,2
DA:58,2
DA:61,2
DA:62,2
DA:63,1
DA:65,1
DA:71,2
DA:73,2
DA:75,2
DA:76,2
DA:79,2
DA:80,2
DA:81,1
DA:83,1
DA:89,2
DA:90,2
DA:92,2
DA:94,2
DA:95,2
DA:96,1
DA:98,1
DA:104,2
DA:105,2
DA:107,2
DA:109,2
DA:110,2
DA:111,1
DA:113,1
DA:119,2
DA:120,2
DA:122,2
DA:124,2
DA:125,2
DA:126,1
DA:128,1
DA:134,2
DA:135,2
DA:137,2
DA:139,2
DA:140,2
DA:141,1
DA:143,1
LF:69
LH:69
BRDA:6,0,0,9
BRDA:6,0,1,9
BRDA:8,1,0,9
BRDA:8,1,1,9
BRDA:19,2,0,1
BRDA:19,2,1,8
BRDA:30,3,0,8
BRDA:30,3,1,8
BRDA:32,4,0,8
BRDA:32,4,1,8
BRDA:45,5,0,1
BRDA:45,5,1,7
BRDA:62,6,0,1
BRDA:62,6,1,1
BRDA:80,7,0,1
BRDA:80,7,1,1
BRDA:95,8,0,1
BRDA:95,8,1,1
BRDA:110,9,0,1
BRDA:110,9,1,1
BRDA:125,10,0,1
BRDA:125,10,1,1
BRDA:140,11,0,1
BRDA:140,11,1,1
BRF:24
BRH:24
end_of_record
